#
# There is insufficient memory for the Java Runtime Environment to continue.
# Native memory allocation (malloc) failed to allocate 32744 bytes. Error detail: Chunk::new
# Possible reasons:
#   The system is out of physical RAM or swap space
#   This process is running with CompressedOops enabled, and the Java Heap may be blocking the growth of the native heap
# Possible solutions:
#   Reduce memory load on the system
#   Increase physical memory or swap space
#   Check if swap backing store is full
#   Decrease Java heap size (-Xmx/-Xms)
#   Decrease number of Java threads
#   Decrease Java thread stack sizes (-Xss)
#   Set larger code cache with -XX:ReservedCodeCacheSize=
#   JVM is running with Unscaled Compressed Oops mode in which the Java heap is
#     placed in the first 4GB address space. The Java Heap base address is the
#     maximum limit for the native heap growth. Please use -XX:HeapBaseMinAddress
#     to set the Java Heap base and to place the Java Heap above 4GB virtual address.
# This output file may be truncated or incomplete.
#
#  Out of Memory Error (arena.cpp:168), pid=19380, tid=15588
#
# JRE version: OpenJDK Runtime Environment Temurin-21.0.10+7 (21.0.10+7) (build 21.0.10+7-LTS)
# Java VM: OpenJDK 64-Bit Server VM Temurin-21.0.10+7 (21.0.10+7-LTS, mixed mode, sharing, tiered, compressed oops, compressed class ptrs, parallel gc, windows-amd64)
# No core dump will be written. Minidumps are not enabled by default on client versions of Windows
#

---------------  S U M M A R Y ------------

Command Line: --add-modules=ALL-SYSTEM --add-opens=java.base/java.util=ALL-UNNAMED --add-opens=java.base/java.lang=ALL-UNNAMED --add-opens=java.base/sun.nio.fs=ALL-UNNAMED -Declipse.application=org.eclipse.jdt.ls.core.id1 -Dosgi.bundles.defaultStartLevel=4 -Declipse.product=org.eclipse.jdt.ls.core.product -Djava.import.generatesMetadataFilesAtProjectRoot=false -DDetectVMInstallationsJob.disabled=true -Dfile.encoding=utf8 -XX:+UseParallelGC -XX:GCTimeRatio=4 -XX:AdaptiveSizePolicyWeight=90 -Dsun.zip.disableMemoryMapping=true -Xmx2G -Xms100m -Xlog:disable -javaagent:c:\Users\User\.vscode\extensions\redhat.java-1.53.0-win32-x64\lombok\lombok-1.18.39-4050.jar c:\Users\User\.vscode\extensions\redhat.java-1.53.0-win32-x64\server\plugins\org.eclipse.equinox.launcher_1.7.100.v20251111-0406.jar -configuration c:\Users\User\AppData\Roaming\Code\User\globalStorage\redhat.java\1.53.0\config_ss_win -data c:\Users\User\AppData\Roaming\Code\User\workspaceStorage\11429b86f1bf0811e8ef6e0e5238bafd\redhat.java\ss_ws --pipe=\\.\pipe\lsp-77de00907119360504e38d81b3f49220-sock

Host: AMD Ryzen 5 5600H with Radeon Graphics         , 12 cores, 7G,  Windows 11 , 64 bit Build 26100 (10.0.26100.961)
Time: Tue Apr  7 18:36:06 2026 India Standard Time elapsed time: 11.449601 seconds (0d 0h 0m 11s)

---------------  T H R E A D  ---------------

Current thread (0x0000011d11c4d6d0):  JavaThread "C1 CompilerThread0" daemon [_thread_in_native, id=15588, stack(0x00000008cc500000,0x00000008cc600000) (1024K)]


Current CompileTask:
C1:11449 1685       3       java.net.URLStreamHandler::parseURL (1124 bytes)

Stack: [0x00000008cc500000,0x00000008cc600000]
Native frames: (J=compiled Java code, j=interpreted, Vv=VM code, C=native code)
V  [jvm.dll+0x6d7a39]
V  [jvm.dll+0x8b4b26]
V  [jvm.dll+0x8b70de]
V  [jvm.dll+0x8b77c3]
V  [jvm.dll+0x284346]
V  [jvm.dll+0xc66ed]
V  [jvm.dll+0xc6c31]
V  [jvm.dll+0x19b681]
V  [jvm.dll+0x19b65d]
V  [jvm.dll+0x19a424]
V  [jvm.dll+0x19a6ea]
V  [jvm.dll+0x19c7ee]
V  [jvm.dll+0x1573b5]
V  [jvm.dll+0x156c57]
V  [jvm.dll+0x156e84]
V  [jvm.dll+0x15629c]
V  [jvm.dll+0x15802d]
V  [jvm.dll+0x25b85d]
V  [jvm.dll+0x259dea]
V  [jvm.dll+0x3f857e]
V  [jvm.dll+0x85f59d]
V  [jvm.dll+0x6d626d]
C  [ucrtbase.dll+0x14ea0]
C  [KERNEL32.DLL+0x31ed7]
C  [ntdll.dll+0xda95c]


---------------  P R O C E S S  ---------------

Threads class SMR info:
_java_thread_list=0x0000011d6abeba70, length=18, elements={
0x0000011d11b8a4f0, 0x0000011d11b3e880, 0x0000011d11c32ba0, 0x0000011d11c35700,
0x0000011d11c38170, 0x0000011d11c3b0a0, 0x0000011d11c3f100, 0x0000011d11c4cc30,
0x0000011d11c4d6d0, 0x0000011d6aa9a6b0, 0x0000011d700aa440, 0x0000011d70701140,
0x0000011d706caa70, 0x0000011d70712b80, 0x0000011d70858540, 0x0000011d70858e50,
0x0000011d708080a0, 0x0000011d708444e0
}

Java Threads: ( => current thread )
  0x0000011d11b8a4f0 JavaThread "main"                              [_thread_in_native, id=31680, stack(0x00000008cba00000,0x00000008cbb00000) (1024K)]
  0x0000011d11b3e880 JavaThread "Reference Handler"          daemon [_thread_blocked, id=30928, stack(0x00000008cbe00000,0x00000008cbf00000) (1024K)]
  0x0000011d11c32ba0 JavaThread "Finalizer"                  daemon [_thread_blocked, id=27832, stack(0x00000008cbf00000,0x00000008cc000000) (1024K)]
  0x0000011d11c35700 JavaThread "Signal Dispatcher"          daemon [_thread_blocked, id=5024, stack(0x00000008cc000000,0x00000008cc100000) (1024K)]
  0x0000011d11c38170 JavaThread "Attach Listener"            daemon [_thread_blocked, id=21692, stack(0x00000008cc100000,0x00000008cc200000) (1024K)]
  0x0000011d11c3b0a0 JavaThread "Service Thread"             daemon [_thread_blocked, id=4428, stack(0x00000008cc200000,0x00000008cc300000) (1024K)]
  0x0000011d11c3f100 JavaThread "Monitor Deflation Thread"   daemon [_thread_blocked, id=5924, stack(0x00000008cc300000,0x00000008cc400000) (1024K)]
  0x0000011d11c4cc30 JavaThread "C2 CompilerThread0"         daemon [_thread_in_native, id=26516, stack(0x00000008cc400000,0x00000008cc500000) (1024K)]
=>0x0000011d11c4d6d0 JavaThread "C1 CompilerThread0"         daemon [_thread_in_native, id=15588, stack(0x00000008cc500000,0x00000008cc600000) (1024K)]
  0x0000011d6aa9a6b0 JavaThread "Common-Cleaner"             daemon [_thread_blocked, id=14528, stack(0x00000008cc600000,0x00000008cc700000) (1024K)]
  0x0000011d700aa440 JavaThread "Notification Thread"        daemon [_thread_blocked, id=9152, stack(0x00000008cc800000,0x00000008cc900000) (1024K)]
  0x0000011d70701140 JavaThread "Equinox resolver thread - Equinox Container: a61f5f97-1ef2-4f55-a0d6-274a8c10be70" daemon [_thread_blocked, id=37512, stack(0x00000008ccf00000,0x00000008cd000000) (1024K)]
  0x0000011d706caa70 JavaThread "Equinox resolver thread - Equinox Container: a61f5f97-1ef2-4f55-a0d6-274a8c10be70" daemon [_thread_blocked, id=35948, stack(0x00000008cd000000,0x00000008cd100000) (1024K)]
  0x0000011d70712b80 JavaThread "Equinox resolver thread - Equinox Container: a61f5f97-1ef2-4f55-a0d6-274a8c10be70" daemon [_thread_blocked, id=35680, stack(0x00000008cd100000,0x00000008cd200000) (1024K)]
  0x0000011d70858540 JavaThread "Equinox resolver thread - Equinox Container: a61f5f97-1ef2-4f55-a0d6-274a8c10be70" daemon [_thread_blocked, id=21164, stack(0x00000008cd200000,0x00000008cd300000) (1024K)]
  0x0000011d70858e50 JavaThread "Equinox resolver thread - Equinox Container: a61f5f97-1ef2-4f55-a0d6-274a8c10be70" daemon [_thread_blocked, id=3820, stack(0x00000008cd300000,0x00000008cd400000) (1024K)]
  0x0000011d708080a0 JavaThread "Equinox resolver thread - Equinox Container: a61f5f97-1ef2-4f55-a0d6-274a8c10be70" daemon [_thread_blocked, id=27180, stack(0x00000008cd400000,0x00000008cd500000) (1024K)]
  0x0000011d708444e0 JavaThread "Active Thread: Equinox Container: a61f5f97-1ef2-4f55-a0d6-274a8c10be70"        [_thread_blocked, id=35276, stack(0x00000008cd500000,0x00000008cd600000) (1024K)]
Total: 18

Other Threads:
  0x0000011d11c2fb30 VMThread "VM Thread"                           [id=13128, stack(0x00000008cbd00000,0x00000008cbe00000) (1024K)]
  0x0000011d11a1cb20 WatcherThread "VM Periodic Task Thread"        [id=4260, stack(0x00000008cbc00000,0x00000008cbd00000) (1024K)]
  0x0000011d11ba9bd0 WorkerThread "GC Thread#0"                     [id=30388, stack(0x00000008cbb00000,0x00000008cbc00000) (1024K)]
  0x0000011d703bc310 WorkerThread "GC Thread#1"                     [id=1424, stack(0x00000008cc900000,0x00000008cca00000) (1024K)]
  0x0000011d708614f0 WorkerThread "GC Thread#2"                     [id=35756, stack(0x00000008cca00000,0x00000008ccb00000) (1024K)]
  0x0000011d708618a0 WorkerThread "GC Thread#3"                     [id=30068, stack(0x00000008ccb00000,0x00000008ccc00000) (1024K)]
  0x0000011d7039a7a0 WorkerThread "GC Thread#4"                     [id=15644, stack(0x00000008ccc00000,0x00000008ccd00000) (1024K)]
  0x0000011d7039ab50 WorkerThread "GC Thread#5"                     [id=23012, stack(0x00000008ccd00000,0x00000008cce00000) (1024K)]
  0x0000011d7039af00 WorkerThread "GC Thread#6"                     [id=26208, stack(0x00000008cce00000,0x00000008ccf00000) (1024K)]
Total: 9

Threads with active compile tasks:
C2 CompilerThread0  11487 1686       4       java.lang.StringLatin1::toLowerCase (186 bytes)
C1 CompilerThread0  11487 1685       3       java.net.URLStreamHandler::parseURL (1124 bytes)
Total: 2

VM state: not at safepoint (normal execution)

VM Mutex/Monitor currently owned by a thread: None

Heap address: 0x0000000080000000, size: 2048 MB, Compressed Oops mode: 32-bit

CDS archive(s) mapped at: [0x0000011d29000000-0x0000011d29ba0000-0x0000011d29ba0000), size 12189696, SharedBaseAddress: 0x0000011d29000000, ArchiveRelocationMode: 1.
Compressed class space mapped at: 0x0000011d2a000000-0x0000011d6a000000, reserved size: 1073741824
Narrow klass base: 0x0000011d29000000, Narrow klass shift: 0, Narrow klass range: 0x100000000

GC Precious Log:
 CardTable entry size: 512
 CPUs: 12 total, 12 available
 Memory: 7521M
 Large Page Support: Disabled
 NUMA Support: Disabled
 Compressed Oops: Enabled (32-bit)
 Alignments: Space 512K, Generation 512K, Heap 2M
 Heap Min Capacity: 100M
 Heap Initial Capacity: 100M
 Heap Max Capacity: 2G
 Pre-touch: Disabled
 Parallel Workers: 10

Heap:
 PSYoungGen      total 29696K, used 27979K [0x00000000d5580000, 0x00000000d7680000, 0x0000000100000000)
  eden space 25600K, 96% used [0x00000000d5580000,0x00000000d6d9eb30,0x00000000d6e80000)
  from space 4096K, 80% used [0x00000000d6e80000,0x00000000d71b4148,0x00000000d7280000)
  to   space 4096K, 0% used [0x00000000d7280000,0x00000000d7280000,0x00000000d7680000)
 ParOldGen       total 68608K, used 16K [0x0000000080000000, 0x0000000084300000, 0x00000000d5580000)
  object space 68608K, 0% used [0x0000000080000000,0x0000000080004000,0x0000000084300000)
 Metaspace       used 8302K, committed 8576K, reserved 1114112K
  class space    used 883K, committed 1024K, reserved 1048576K

Card table byte_map: [0x0000011d11530000,0x0000011d11940000] _byte_map_base: 0x0000011d11130000

Marking Bits: (ParMarkBitMap*) 0x00007ff99c3d3450
 Begin Bits: [0x0000011d24040000, 0x0000011d26040000)
 End Bits:   [0x0000011d26040000, 0x0000011d28040000)

Polling page: 0x0000011d0f9c0000

Metaspace:

Usage:
  Non-class:      7.25 MB used.
      Class:    883.40 KB used.
       Both:      8.11 MB used.

Virtual space:
  Non-class space:       64.00 MB reserved,       7.38 MB ( 12%) committed,  1 nodes.
      Class space:        1.00 GB reserved,       1.00 MB ( <1%) committed,  1 nodes.
             Both:        1.06 GB reserved,       8.38 MB ( <1%) committed. 

Chunk freelists:
   Non-Class:  8.62 MB
       Class:  14.89 MB
        Both:  23.51 MB

MaxMetaspaceSize: unlimited
CompressedClassSpaceSize: 1.00 GB
Initial GC threshold: 21.00 MB
Current GC threshold: 21.00 MB
CDS: on
 - commit_granule_bytes: 65536.
 - commit_granule_words: 8192.
 - virtual_space_node_default_size: 8388608.
 - enlarge_chunks_in_place: 1.
 - use_allocation_guard: 0.


Internal statistics:

num_allocs_failed_limit: 0.
num_arena_births: 224.
num_arena_deaths: 0.
num_vsnodes_births: 2.
num_vsnodes_deaths: 0.
num_space_committed: 134.
num_space_uncommitted: 0.
num_chunks_returned_to_freelist: 0.
num_chunks_taken_from_freelist: 421.
num_chunk_merges: 0.
num_chunk_splits: 272.
num_chunks_enlarged: 183.
num_inconsistent_stats: 0.

CodeHeap 'non-profiled nmethods': size=120000Kb used=672Kb max_used=672Kb free=119327Kb
 bounds [0x0000011d1c860000, 0x0000011d1cad0000, 0x0000011d23d90000]
CodeHeap 'profiled nmethods': size=120000Kb used=3045Kb max_used=3045Kb free=116954Kb
 bounds [0x0000011d14d90000, 0x0000011d15090000, 0x0000011d1c2c0000]
CodeHeap 'non-nmethods': size=5760Kb used=1212Kb max_used=1234Kb free=4547Kb
 bounds [0x0000011d1c2c0000, 0x0000011d1c530000, 0x0000011d1c860000]
CodeCache: size=245760Kb, used=4929Kb, max_used=4951Kb, free=240828Kb
 total_blobs=2157, nmethods=1680, adapters=384, full_count=0
Compilation: enabled, stopped_count=0, restarted_count=0

Compilation events (20 events):
Event: 7.774 Thread 0x0000011d11c4d6d0 1675       3       jdk.internal.misc.Unsafe::checkPointer (19 bytes)
Event: 7.774 Thread 0x0000011d11c4d6d0 nmethod 1675 0x0000011d15083290 code [0x0000011d15083460, 0x0000011d150837e8]
Event: 7.803 Thread 0x0000011d11c4d6d0 1676       3       jdk.internal.misc.Unsafe::checkPrimitivePointer (19 bytes)
Event: 7.803 Thread 0x0000011d11c4d6d0 nmethod 1676 0x0000011d15083990 code [0x0000011d15083ba0, 0x0000011d15084198]
Event: 8.544 Thread 0x0000011d11c4d6d0 1678       1       sun.nio.fs.NativeBuffer::size (5 bytes)
Event: 8.544 Thread 0x0000011d11c4d6d0 nmethod 1678 0x0000011d1c907810 code [0x0000011d1c9079a0, 0x0000011d1c907a68]
Event: 9.303 Thread 0x0000011d11c4d6d0 1679       3       java.net.URL::<init> (11 bytes)
Event: 9.303 Thread 0x0000011d11c4d6d0 nmethod 1679 0x0000011d15084410 code [0x0000011d150845c0, 0x0000011d15084708]
Event: 9.329 Thread 0x0000011d11c4d6d0 1680       1       sun.nio.fs.WindowsPath::getFileSystem (5 bytes)
Event: 9.329 Thread 0x0000011d11c4d6d0 nmethod 1680 0x0000011d1c907b10 code [0x0000011d1c907ca0, 0x0000011d1c907d68]
Event: 9.616 Thread 0x0000011d11c4d6d0 1681       1       sun.nio.fs.NativeBuffer::setOwner (6 bytes)
Event: 9.616 Thread 0x0000011d11c4d6d0 nmethod 1681 0x0000011d1c907e10 code [0x0000011d1c907fa0, 0x0000011d1c908080]
Event: 10.557 Thread 0x0000011d11c4d6d0 1682       3       sun.nio.fs.WindowsPathParser::normalize (233 bytes)
Event: 10.561 Thread 0x0000011d11c4d6d0 nmethod 1682 0x0000011d15084790 code [0x0000011d15084d40, 0x0000011d15087870]
Event: 10.589 Thread 0x0000011d11c4d6d0 1683       3       sun.net.util.IPAddressUtil::checkExternalForm (98 bytes)
Event: 10.589 Thread 0x0000011d11c4d6d0 nmethod 1683 0x0000011d15088a90 code [0x0000011d15088c80, 0x0000011d15088fb8]
Event: 11.424 Thread 0x0000011d11c4d6d0 1684       3       sun.net.www.protocol.file.Handler::parseURL (18 bytes)
Event: 11.424 Thread 0x0000011d11c4d6d0 nmethod 1684 0x0000011d15089110 code [0x0000011d150892c0, 0x0000011d15089480]
Event: 11.424 Thread 0x0000011d11c4d6d0 1685       3       java.net.URLStreamHandler::parseURL (1124 bytes)
Event: 11.432 Thread 0x0000011d11c4cc30 1686       4       java.lang.StringLatin1::toLowerCase (186 bytes)

GC Heap History (2 events):
Event: 1.707 GC heap before
{Heap before GC invocations=1 (full 0):
 PSYoungGen      total 29696K, used 25600K [0x00000000d5580000, 0x00000000d7680000, 0x0000000100000000)
  eden space 25600K, 100% used [0x00000000d5580000,0x00000000d6e80000,0x00000000d6e80000)
  from space 4096K, 0% used [0x00000000d7280000,0x00000000d7280000,0x00000000d7680000)
  to   space 4096K, 0% used [0x00000000d6e80000,0x00000000d6e80000,0x00000000d7280000)
 ParOldGen       total 68608K, used 0K [0x0000000080000000, 0x0000000084300000, 0x00000000d5580000)
  object space 68608K, 0% used [0x0000000080000000,0x0000000080000000,0x0000000084300000)
 Metaspace       used 4481K, committed 4672K, reserved 1114112K
  class space    used 491K, committed 576K, reserved 1048576K
}
Event: 1.716 GC heap after
{Heap after GC invocations=1 (full 0):
 PSYoungGen      total 29696K, used 3280K [0x00000000d5580000, 0x00000000d7680000, 0x0000000100000000)
  eden space 25600K, 0% used [0x00000000d5580000,0x00000000d5580000,0x00000000d6e80000)
  from space 4096K, 80% used [0x00000000d6e80000,0x00000000d71b4148,0x00000000d7280000)
  to   space 4096K, 0% used [0x00000000d7280000,0x00000000d7280000,0x00000000d7680000)
 ParOldGen       total 68608K, used 16K [0x0000000080000000, 0x0000000084300000, 0x00000000d5580000)
  object space 68608K, 0% used [0x0000000080000000,0x0000000080004000,0x0000000084300000)
 Metaspace       used 4481K, committed 4672K, reserved 1114112K
  class space    used 491K, committed 576K, reserved 1048576K
}

Dll operation events (8 events):
Event: 0.010 Loaded shared library c:\Users\User\.vscode\extensions\redhat.java-1.53.0-win32-x64\jre\21.0.10-win32-x86_64\bin\java.dll
Event: 0.507 Loaded shared library c:\Users\User\.vscode\extensions\redhat.java-1.53.0-win32-x64\jre\21.0.10-win32-x86_64\bin\zip.dll
Event: 0.539 Loaded shared library C:\Users\User\.vscode\extensions\redhat.java-1.53.0-win32-x64\jre\21.0.10-win32-x86_64\bin\instrument.dll
Event: 0.695 Loaded shared library C:\Users\User\.vscode\extensions\redhat.java-1.53.0-win32-x64\jre\21.0.10-win32-x86_64\bin\net.dll
Event: 0.793 Loaded shared library C:\Users\User\.vscode\extensions\redhat.java-1.53.0-win32-x64\jre\21.0.10-win32-x86_64\bin\nio.dll
Event: 0.798 Loaded shared library C:\Users\User\.vscode\extensions\redhat.java-1.53.0-win32-x64\jre\21.0.10-win32-x86_64\bin\zip.dll
Event: 0.821 Loaded shared library C:\Users\User\.vscode\extensions\redhat.java-1.53.0-win32-x64\jre\21.0.10-win32-x86_64\bin\jimage.dll
Event: 0.971 Loaded shared library c:\Users\User\.vscode\extensions\redhat.java-1.53.0-win32-x64\jre\21.0.10-win32-x86_64\bin\verify.dll

Deoptimization events (20 events):
Event: 2.061 Thread 0x0000011d11b8a4f0 DEOPT PACKING pc=0x0000011d1c8b2fa0 sp=0x00000008cbafe560
Event: 2.061 Thread 0x0000011d11b8a4f0 DEOPT UNPACKING pc=0x0000011d1c313aa2 sp=0x00000008cbafe3d0 mode 2
Event: 2.138 Thread 0x0000011d11b8a4f0 Uncommon trap: trap_request=0xffffff45 fr.pc=0x0000011d1c8daacc relative=0x00000000000000ac
Event: 2.138 Thread 0x0000011d11b8a4f0 Uncommon trap: reason=unstable_if action=reinterpret pc=0x0000011d1c8daacc method=java.util.concurrent.locks.ReentrantLock$NonfairSync.initialTryLock()Z @ 10 c2
Event: 2.138 Thread 0x0000011d11b8a4f0 DEOPT PACKING pc=0x0000011d1c8daacc sp=0x00000008cbafe7c0
Event: 2.138 Thread 0x0000011d11b8a4f0 DEOPT UNPACKING pc=0x0000011d1c313aa2 sp=0x00000008cbafe750 mode 2
Event: 2.163 Thread 0x0000011d11b8a4f0 Uncommon trap: trap_request=0xffffff45 fr.pc=0x0000011d1c8da760 relative=0x0000000000000040
Event: 2.163 Thread 0x0000011d11b8a4f0 Uncommon trap: reason=unstable_if action=reinterpret pc=0x0000011d1c8da760 method=java.util.concurrent.locks.AbstractQueuedSynchronizer.signalNext(Ljava/util/concurrent/locks/AbstractQueuedSynchronizer$Node;)V @ 1 c2
Event: 2.163 Thread 0x0000011d11b8a4f0 DEOPT PACKING pc=0x0000011d1c8da760 sp=0x00000008cbafe5c0
Event: 2.163 Thread 0x0000011d11b8a4f0 DEOPT UNPACKING pc=0x0000011d1c313aa2 sp=0x00000008cbafe550 mode 2
Event: 2.205 Thread 0x0000011d11b8a4f0 Uncommon trap: trap_request=0xffffffde fr.pc=0x0000011d1c8d44a4 relative=0x0000000000000a24
Event: 2.205 Thread 0x0000011d11b8a4f0 Uncommon trap: reason=class_check action=maybe_recompile pc=0x0000011d1c8d44a4 method=java.util.HashMap.putVal(ILjava/lang/Object;Ljava/lang/Object;ZZ)Ljava/lang/Object; @ 253 c2
Event: 2.205 Thread 0x0000011d11b8a4f0 DEOPT PACKING pc=0x0000011d1c8d44a4 sp=0x00000008cbafe120
Event: 2.205 Thread 0x0000011d11b8a4f0 DEOPT UNPACKING pc=0x0000011d1c313aa2 sp=0x00000008cbafe0b0 mode 2
Event: 2.207 Thread 0x0000011d11b8a4f0 Uncommon trap: trap_request=0xffffffde fr.pc=0x0000011d1c8d44a4 relative=0x0000000000000a24
Event: 2.207 Thread 0x0000011d11b8a4f0 Uncommon trap: reason=class_check action=maybe_recompile pc=0x0000011d1c8d44a4 method=java.util.HashMap.putVal(ILjava/lang/Object;Ljava/lang/Object;ZZ)Ljava/lang/Object; @ 253 c2
Event: 2.207 Thread 0x0000011d11b8a4f0 DEOPT PACKING pc=0x0000011d1c8d44a4 sp=0x00000008cbafe120
Event: 2.207 Thread 0x0000011d11b8a4f0 DEOPT UNPACKING pc=0x0000011d1c313aa2 sp=0x00000008cbafe0b0 mode 2
Event: 3.925 Thread 0x0000011d11b8a4f0 DEOPT PACKING pc=0x0000011d14f3aac3 sp=0x00000008cbafe690
Event: 3.925 Thread 0x0000011d11b8a4f0 DEOPT UNPACKING pc=0x0000011d1c314242 sp=0x00000008cbafdb30 mode 0

Classes loaded (20 events):
Event: 2.206 Loading class java/util/ConcurrentModificationException
Event: 2.206 Loading class java/util/ConcurrentModificationException done
Event: 2.217 Loading class java/net/ContentHandler
Event: 2.217 Loading class java/net/ContentHandler done
Event: 2.218 Loading class java/net/UrlDeserializedState
Event: 2.218 Loading class java/net/UrlDeserializedState done
Event: 2.219 Loading class java/lang/reflect/InaccessibleObjectException
Event: 2.219 Loading class java/lang/reflect/InaccessibleObjectException done
Event: 2.221 Loading class java/lang/StackWalker$Option
Event: 2.221 Loading class java/lang/StackWalker$Option done
Event: 2.236 Loading class javax/xml/parsers/ParserConfigurationException
Event: 2.236 Loading class javax/xml/parsers/ParserConfigurationException done
Event: 2.238 Loading class java/security/KeyStoreException
Event: 2.238 Loading class java/security/KeyStoreException done
Event: 2.242 Loading class java/lang/Thread$Builder$OfPlatform
Event: 2.242 Loading class java/lang/Thread$Builder
Event: 2.242 Loading class java/lang/Thread$Builder done
Event: 2.242 Loading class java/lang/Thread$Builder$OfPlatform done
Event: 2.242 Loading class java/lang/Thread$Builder$OfVirtual
Event: 2.242 Loading class java/lang/Thread$Builder$OfVirtual done

Classes unloaded (0 events):
No events

Classes redefined (0 events):
No events

Internal exceptions (20 events):
Event: 1.660 Thread 0x0000011d11b8a4f0 Exception <a 'java/lang/NoSuchMethodError'{0x00000000d6ab77a8}: 'java.lang.ClassLoader java.lang.ClassLoader.getPlatformClassLoader(java.lang.Class)'> (0x00000000d6ab77a8) 
thrown [s\src\hotspot\share\interpreter\linkResolver.cpp, line 773]
Event: 1.728 Thread 0x0000011d11b8a4f0 Exception <a 'java/lang/ClassNotFoundException'{0x00000000d55d5678}: sun/net/www/protocol/c/Handler> (0x00000000d55d5678) 
thrown [s\src\hotspot\share\classfile\systemDictionary.cpp, line 312]
Event: 1.729 Thread 0x0000011d11b8a4f0 Exception <a 'java/lang/ClassNotFoundException'{0x00000000d55d6a48}: sun/net/www/protocol/c/Handler> (0x00000000d55d6a48) 
thrown [s\src\hotspot\share\classfile\systemDictionary.cpp, line 312]
Event: 1.729 Thread 0x0000011d11b8a4f0 Exception <a 'java/lang/ClassNotFoundException'{0x00000000d55d7c80}: sun/net/www/protocol/c/Handler> (0x00000000d55d7c80) 
thrown [s\src\hotspot\share\classfile\systemDictionary.cpp, line 312]
Event: 1.741 Thread 0x0000011d11b8a4f0 Exception <a 'java/io/FileNotFoundException'{0x00000000d56009f8}> (0x00000000d56009f8) 
thrown [s\src\hotspot\share\prims\jni.cpp, line 520]
Event: 1.773 Thread 0x0000011d11b8a4f0 Implicit null exception at 0x0000011d1c8c6449 to 0x0000011d1c8c6ef4
Event: 1.773 Thread 0x0000011d11b8a4f0 Implicit null exception at 0x0000011d1c8be81a to 0x0000011d1c8bea20
Event: 1.774 Thread 0x0000011d11b8a4f0 Exception <a 'java/lang/NoSuchMethodError'{0x00000000d5730790}: 'void java.lang.invoke.DirectMethodHandle$Holder.invokeStatic(java.lang.Object, java.lang.Object, java.lang.Object, java.lang.Object)'> (0x00000000d5730790) 
thrown [s\src\hotspot\share\interpreter\linkResolver.cpp, line 773]
Event: 1.775 Thread 0x0000011d11b8a4f0 Implicit null exception at 0x0000011d1c8c191a to 0x0000011d1c8c1b24
Event: 1.775 Thread 0x0000011d11b8a4f0 Implicit null exception at 0x0000011d1c8bc83d to 0x0000011d1c8bc8c1
Event: 1.870 Thread 0x0000011d11b8a4f0 Exception <a 'java/lang/NoSuchMethodError'{0x00000000d5b70508}: 'int java.lang.invoke.DirectMethodHandle$Holder.invokeVirtual(java.lang.Object, java.lang.Object)'> (0x00000000d5b70508) 
thrown [s\src\hotspot\share\interpreter\linkResolver.cpp, line 773]
Event: 2.120 Thread 0x0000011d11b8a4f0 Exception <a 'java/lang/IncompatibleClassChangeError'{0x00000000d663a430}: Found class java.lang.Object, but interface was expected> (0x00000000d663a430) 
thrown [s\src\hotspot\share\interpreter\linkResolver.cpp, line 840]
Event: 2.121 Thread 0x0000011d11b8a4f0 Exception <a 'java/lang/NoSuchMethodError'{0x00000000d6642ed0}: 'void java.lang.invoke.DirectMethodHandle$Holder.invokeInterface(java.lang.Object, java.lang.Object, java.lang.Object)'> (0x00000000d6642ed0) 
thrown [s\src\hotspot\share\interpreter\linkResolver.cpp, line 773]
Event: 2.150 Thread 0x0000011d11b8a4f0 Exception <a 'java/lang/NoSuchMethodError'{0x00000000d67b4590}: 'int java.lang.invoke.DirectMethodHandle$Holder.invokeStaticInit(java.lang.Object, java.lang.Object, java.lang.Object, java.lang.Object)'> (0x00000000d67b4590) 
thrown [s\src\hotspot\share\interpreter\linkResolver.cpp, line 773]
Event: 2.152 Thread 0x0000011d11b8a4f0 Exception <a 'java/lang/NoSuchMethodError'{0x00000000d67beb60}: 'void java.lang.invoke.DirectMethodHandle$Holder.invokeStaticInit(java.lang.Object, java.lang.Object)'> (0x00000000d67beb60) 
thrown [s\src\hotspot\share\interpreter\linkResolver.cpp, line 773]
Event: 2.153 Thread 0x0000011d11b8a4f0 Exception <a 'java/lang/NoSuchMethodError'{0x00000000d67c3fb0}: 'int java.lang.invoke.DirectMethodHandle$Holder.invokeStaticInit(java.lang.Object, java.lang.Object)'> (0x00000000d67c3fb0) 
thrown [s\src\hotspot\share\interpreter\linkResolver.cpp, line 773]
Event: 2.190 Thread 0x0000011d11b8a4f0 Exception <a 'java/lang/NoSuchMethodError'{0x00000000d69abc60}: 'java.lang.Object java.lang.invoke.DirectMethodHandle$Holder.newInvokeSpecial(java.lang.Object, int, java.lang.Object)'> (0x00000000d69abc60) 
thrown [s\src\hotspot\share\interpreter\linkResolver.cpp, line 773]
Event: 2.223 Thread 0x0000011d11b8a4f0 Exception <a 'java/lang/ClassNotFoundException'{0x00000000d6b27278}: sun/net/www/protocol/plurl/Handler> (0x00000000d6b27278) 
thrown [s\src\hotspot\share\classfile\systemDictionary.cpp, line 312]
Event: 2.223 Thread 0x0000011d11b8a4f0 Exception <a 'java/lang/ClassNotFoundException'{0x00000000d6b280f8}: sun/net/www/protocol/plurl/Handler> (0x00000000d6b280f8) 
thrown [s\src\hotspot\share\classfile\systemDictionary.cpp, line 312]
Event: 2.227 Thread 0x0000011d11b8a4f0 Exception <a 'java/lang/NoSuchMethodError'{0x00000000d6b679e0}: 'void java.lang.invoke.DirectMethodHandle$Holder.invokeSpecial(java.lang.Object, java.lang.Object, java.lang.Object)'> (0x00000000d6b679e0) 
thrown [s\src\hotspot\share\interpreter\linkResolver.cpp, line 773]

ZGC Phase Switch (0 events):
No events

VM Operations (16 events):
Event: 0.837 Executing non-safepoint VM operation: HandshakeAllThreads (Deoptimize)
Event: 0.837 Executing non-safepoint VM operation: HandshakeAllThreads (Deoptimize) done
Event: 1.322 Executing non-safepoint VM operation: HandshakeAllThreads (Deoptimize)
Event: 1.322 Executing non-safepoint VM operation: HandshakeAllThreads (Deoptimize) done
Event: 1.322 Executing safepoint VM operation: Cleanup
Event: 1.322 Executing safepoint VM operation: Cleanup done
Event: 1.343 Executing non-safepoint VM operation: HandshakeAllThreads (Deoptimize)
Event: 1.343 Executing non-safepoint VM operation: HandshakeAllThreads (Deoptimize) done
Event: 1.707 Executing safepoint VM operation: ParallelGCFailedAllocation (Allocation Failure)
Event: 1.716 Executing safepoint VM operation: ParallelGCFailedAllocation (Allocation Failure) done
Event: 2.169 Executing non-safepoint VM operation: HandshakeAllThreads (Deoptimize)
Event: 2.169 Executing non-safepoint VM operation: HandshakeAllThreads (Deoptimize) done
Event: 2.219 Executing non-safepoint VM operation: HandshakeAllThreads (Deoptimize)
Event: 2.219 Executing non-safepoint VM operation: HandshakeAllThreads (Deoptimize) done
Event: 3.217 Executing safepoint VM operation: Cleanup
Event: 3.217 Executing safepoint VM operation: Cleanup done

Memory protections (0 events):
No events

Nmethod flushes (0 events):
No events

Events (20 events):
Event: 0.067 Thread 0x0000011d11b8a4f0 Thread added: 0x0000011d11b8a4f0
Event: 0.103 Thread 0x0000011d11b8a4f0 Thread added: 0x0000011d11b3e880
Event: 0.103 Thread 0x0000011d11b8a4f0 Thread added: 0x0000011d11c32ba0
Event: 0.104 Thread 0x0000011d11b8a4f0 Thread added: 0x0000011d11c35700
Event: 0.104 Thread 0x0000011d11b8a4f0 Thread added: 0x0000011d11c38170
Event: 0.104 Thread 0x0000011d11b8a4f0 Thread added: 0x0000011d11c3b0a0
Event: 0.104 Thread 0x0000011d11b8a4f0 Thread added: 0x0000011d11c3f100
Event: 0.104 Thread 0x0000011d11b8a4f0 Thread added: 0x0000011d11c4cc30
Event: 0.104 Thread 0x0000011d11b8a4f0 Thread added: 0x0000011d11c4d6d0
Event: 0.542 Thread 0x0000011d11b8a4f0 Thread added: 0x0000011d6aa9a6b0
Event: 0.901 Thread 0x0000011d11c4d6d0 Thread added: 0x0000011d6abec8a0
Event: 1.082 Thread 0x0000011d11b8a4f0 Thread added: 0x0000011d700aa440
Event: 2.109 Thread 0x0000011d11b8a4f0 Thread added: 0x0000011d70701140
Event: 2.110 Thread 0x0000011d70701140 Thread added: 0x0000011d706caa70
Event: 2.113 Thread 0x0000011d11b8a4f0 Thread added: 0x0000011d70712b80
Event: 2.115 Thread 0x0000011d11b8a4f0 Thread added: 0x0000011d70858540
Event: 2.116 Thread 0x0000011d11b8a4f0 Thread added: 0x0000011d70858e50
Event: 2.118 Thread 0x0000011d11b8a4f0 Thread added: 0x0000011d708080a0
Event: 2.161 Thread 0x0000011d11b8a4f0 Thread added: 0x0000011d708444e0
Event: 2.499 Thread 0x0000011d6abec8a0 Thread exited: 0x0000011d6abec8a0


Dynamic libraries:
0x00007ff7d4100000 - 0x00007ff7d410e000 	c:\Users\User\.vscode\extensions\redhat.java-1.53.0-win32-x64\jre\21.0.10-win32-x86_64\bin\java.exe
0x00007ffa6c2a0000 - 0x00007ffa6c502000 	C:\WINDOWS\SYSTEM32\ntdll.dll
0x00007ffa6b440000 - 0x00007ffa6b507000 	C:\WINDOWS\System32\KERNEL32.DLL
0x00007ffa69900000 - 0x00007ffa69ca1000 	C:\WINDOWS\System32\KERNELBASE.dll
0x00007ffa69780000 - 0x00007ffa698cc000 	C:\WINDOWS\System32\ucrtbase.dll
0x00007ffa43a70000 - 0x00007ffa43a8e000 	c:\Users\User\.vscode\extensions\redhat.java-1.53.0-win32-x64\jre\21.0.10-win32-x86_64\bin\VCRUNTIME140.dll
0x00007ffa43a50000 - 0x00007ffa43a68000 	c:\Users\User\.vscode\extensions\redhat.java-1.53.0-win32-x64\jre\21.0.10-win32-x86_64\bin\jli.dll
0x00007ffa6bac0000 - 0x00007ffa6bc81000 	C:\WINDOWS\System32\USER32.dll
0x00007ffa592d0000 - 0x00007ffa59560000 	C:\WINDOWS\WinSxS\amd64_microsoft.windows.common-controls_6595b64144ccf1df_6.0.26100.383_none_444781051c2d93b5\COMCTL32.dll
0x00007ffa698d0000 - 0x00007ffa698f7000 	C:\WINDOWS\System32\win32u.dll
0x00007ffa6c1b0000 - 0x00007ffa6c259000 	C:\WINDOWS\System32\msvcrt.dll
0x00007ffa6a140000 - 0x00007ffa6a16a000 	C:\WINDOWS\System32\GDI32.dll
0x00007ffa69f90000 - 0x00007ffa6a0b1000 	C:\WINDOWS\System32\gdi32full.dll
0x00007ffa696d0000 - 0x00007ffa69773000 	C:\WINDOWS\System32\msvcp_win.dll
0x00007ffa6a760000 - 0x00007ffa6a78f000 	C:\WINDOWS\System32\IMM32.DLL
0x00007ffa43a40000 - 0x00007ffa43a4c000 	c:\Users\User\.vscode\extensions\redhat.java-1.53.0-win32-x64\jre\21.0.10-win32-x86_64\bin\vcruntime140_1.dll
0x00007ffa3bf20000 - 0x00007ffa3bfad000 	c:\Users\User\.vscode\extensions\redhat.java-1.53.0-win32-x64\jre\21.0.10-win32-x86_64\bin\msvcp140.dll
0x00007ff99b710000 - 0x00007ff99c4b1000 	c:\Users\User\.vscode\extensions\redhat.java-1.53.0-win32-x64\jre\21.0.10-win32-x86_64\bin\server\jvm.dll
0x00007ffa6a7d0000 - 0x00007ffa6a882000 	C:\WINDOWS\System32\ADVAPI32.dll
0x00007ffa6c0f0000 - 0x00007ffa6c197000 	C:\WINDOWS\System32\sechost.dll
0x00007ffa6a4f0000 - 0x00007ffa6a606000 	C:\WINDOWS\System32\RPCRT4.dll
0x00007ffa6b510000 - 0x00007ffa6b584000 	C:\WINDOWS\System32\WS2_32.dll
0x00007ffa69590000 - 0x00007ffa695de000 	C:\WINDOWS\SYSTEM32\POWRPROF.dll
0x00007ffa5eec0000 - 0x00007ffa5eef6000 	C:\WINDOWS\SYSTEM32\WINMM.dll
0x00007ffa60f70000 - 0x00007ffa60f7b000 	C:\WINDOWS\SYSTEM32\VERSION.dll
0x00007ffa69550000 - 0x00007ffa69564000 	C:\WINDOWS\SYSTEM32\UMPDC.dll
0x00007ffa684e0000 - 0x00007ffa684fa000 	C:\WINDOWS\SYSTEM32\kernel.appcore.dll
0x00007ffa43a30000 - 0x00007ffa43a3a000 	c:\Users\User\.vscode\extensions\redhat.java-1.53.0-win32-x64\jre\21.0.10-win32-x86_64\bin\jimage.dll
0x00007ffa60500000 - 0x00007ffa60741000 	C:\WINDOWS\SYSTEM32\DBGHELP.DLL
0x00007ffa6a170000 - 0x00007ffa6a4e5000 	C:\WINDOWS\System32\combase.dll
0x00007ffa6a680000 - 0x00007ffa6a756000 	C:\WINDOWS\System32\OLEAUT32.dll
0x00007ffa44a90000 - 0x00007ffa44ac9000 	C:\WINDOWS\SYSTEM32\dbgcore.DLL
0x00007ffa69ef0000 - 0x00007ffa69f89000 	C:\WINDOWS\System32\bcryptPrimitives.dll
0x00007ffa43a20000 - 0x00007ffa43a2f000 	c:\Users\User\.vscode\extensions\redhat.java-1.53.0-win32-x64\jre\21.0.10-win32-x86_64\bin\instrument.dll
0x00007ffa43a00000 - 0x00007ffa43a20000 	c:\Users\User\.vscode\extensions\redhat.java-1.53.0-win32-x64\jre\21.0.10-win32-x86_64\bin\java.dll
0x00007ffa6aae0000 - 0x00007ffa6b1cc000 	C:\WINDOWS\System32\SHELL32.dll
0x00007ffa67500000 - 0x00007ffa67d21000 	C:\WINDOWS\SYSTEM32\windows.storage.dll
0x00007ffa6be70000 - 0x00007ffa6bf43000 	C:\WINDOWS\System32\SHCORE.dll
0x00007ffa6bc90000 - 0x00007ffa6bced000 	C:\WINDOWS\System32\shlwapi.dll
0x00007ffa695f0000 - 0x00007ffa69614000 	C:\WINDOWS\SYSTEM32\profapi.dll
0x00007ffa439e0000 - 0x00007ffa439f8000 	c:\Users\User\.vscode\extensions\redhat.java-1.53.0-win32-x64\jre\21.0.10-win32-x86_64\bin\zip.dll
0x00007ffa439d0000 - 0x00007ffa439e0000 	C:\Users\User\.vscode\extensions\redhat.java-1.53.0-win32-x64\jre\21.0.10-win32-x86_64\bin\net.dll
0x00007ffa645a0000 - 0x00007ffa646c6000 	C:\WINDOWS\SYSTEM32\WINHTTP.dll
0x00007ffa68a60000 - 0x00007ffa68ac8000 	C:\WINDOWS\system32\mswsock.dll
0x00007ffa3c420000 - 0x00007ffa3c436000 	C:\Users\User\.vscode\extensions\redhat.java-1.53.0-win32-x64\jre\21.0.10-win32-x86_64\bin\nio.dll
0x00007ffa3ec90000 - 0x00007ffa3eca0000 	c:\Users\User\.vscode\extensions\redhat.java-1.53.0-win32-x64\jre\21.0.10-win32-x86_64\bin\verify.dll

JVMTI agents:
c:\Users\User\.vscode\extensions\redhat.java-1.53.0-win32-x64\lombok\lombok-1.18.39-4050.jar path:c:\Users\User\.vscode\extensions\redhat.java-1.53.0-win32-x64\jre\21.0.10-win32-x86_64\bin\instrument.dll, loaded, initialized, instrumentlib options:none

dbghelp: loaded successfully - version: 4.0.5 - missing functions: none
symbol engine: initialized successfully - sym options: 0x614 - pdb path: .;c:\Users\User\.vscode\extensions\redhat.java-1.53.0-win32-x64\jre\21.0.10-win32-x86_64\bin;C:\WINDOWS\SYSTEM32;C:\WINDOWS\WinSxS\amd64_microsoft.windows.common-controls_6595b64144ccf1df_6.0.26100.383_none_444781051c2d93b5;c:\Users\User\.vscode\extensions\redhat.java-1.53.0-win32-x64\jre\21.0.10-win32-x86_64\bin\server

VM Arguments:
jvm_args: --add-modules=ALL-SYSTEM --add-opens=java.base/java.util=ALL-UNNAMED --add-opens=java.base/java.lang=ALL-UNNAMED --add-opens=java.base/sun.nio.fs=ALL-UNNAMED -Declipse.application=org.eclipse.jdt.ls.core.id1 -Dosgi.bundles.defaultStartLevel=4 -Declipse.product=org.eclipse.jdt.ls.core.product -Djava.import.generatesMetadataFilesAtProjectRoot=false -DDetectVMInstallationsJob.disabled=true -Dfile.encoding=utf8 -XX:+UseParallelGC -XX:GCTimeRatio=4 -XX:AdaptiveSizePolicyWeight=90 -Dsun.zip.disableMemoryMapping=true -Xmx2G -Xms100m -Xlog:disable -javaagent:c:\Users\User\.vscode\extensions\redhat.java-1.53.0-win32-x64\lombok\lombok-1.18.39-4050.jar 
java_command: c:\Users\User\.vscode\extensions\redhat.java-1.53.0-win32-x64\server\plugins\org.eclipse.equinox.launcher_1.7.100.v20251111-0406.jar -configuration c:\Users\User\AppData\Roaming\Code\User\globalStorage\redhat.java\1.53.0\config_ss_win -data c:\Users\User\AppData\Roaming\Code\User\workspaceStorage\11429b86f1bf0811e8ef6e0e5238bafd\redhat.java\ss_ws --pipe=\\.\pipe\lsp-77de00907119360504e38d81b3f49220-sock
java_class_path (initial): c:\Users\User\.vscode\extensions\redhat.java-1.53.0-win32-x64\server\plugins\org.eclipse.equinox.launcher_1.7.100.v20251111-0406.jar
Launcher Type: SUN_STANDARD

[Global flags]
    uintx AdaptiveSizePolicyWeight                 = 90                                        {product} {command line}
     intx CICompilerCount                          = 4                                         {product} {ergonomic}
    uintx GCTimeRatio                              = 4                                         {product} {command line}
   size_t InitialHeapSize                          = 104857600                                 {product} {command line}
   size_t MaxHeapSize                              = 2147483648                                {product} {command line}
   size_t MaxNewSize                               = 715653120                                 {product} {ergonomic}
   size_t MinHeapDeltaBytes                        = 524288                                    {product} {ergonomic}
   size_t MinHeapSize                              = 104857600                                 {product} {command line}
   size_t NewSize                                  = 34603008                                  {product} {ergonomic}
    uintx NonNMethodCodeHeapSize                   = 5839372                                {pd product} {ergonomic}
    uintx NonProfiledCodeHeapSize                  = 122909434                              {pd product} {ergonomic}
   size_t OldSize                                  = 70254592                                  {product} {ergonomic}
    uintx ProfiledCodeHeapSize                     = 122909434                              {pd product} {ergonomic}
    uintx ReservedCodeCacheSize                    = 251658240                              {pd product} {ergonomic}
     bool SegmentedCodeCache                       = true                                      {product} {ergonomic}
   size_t SoftMaxHeapSize                          = 2147483648                             {manageable} {ergonomic}
     bool UseCompressedOops                        = true                           {product lp64_product} {ergonomic}
     bool UseLargePagesIndividualAllocation        = false                                  {pd product} {ergonomic}
     bool UseParallelGC                            = true                                      {product} {command line}

Logging:
Log output configuration:
 #0: stdout all=off uptime,level,tags foldmultilines=false
 #1: stderr all=off uptime,level,tags foldmultilines=false

Release file:
JAVA_VERSION="21.0.10" 
MODULES="java.base java.compiler java.datatransfer java.xml java.prefs java.desktop java.instrument java.logging java.management java.security.sasl java.naming java.rmi java.management.rmi java.net.http java.scripting java.security.jgss java.transaction.xa java.sql java.sql.rowset java.xml.crypto java.se java.smartcardio jdk.accessibility jdk.internal.jvmstat jdk.attach jdk.charsets jdk.internal.opt jdk.zipfs jdk.compiler jdk.crypto.ec jdk.crypto.cryptoki jdk.crypto.mscapi jdk.dynalink jdk.internal.ed jdk.editpad jdk.hotspot.agent jdk.httpserver jdk.internal.le jdk.internal.vm.ci jdk.internal.vm.compiler jdk.internal.vm.compiler.management jdk.jartool jdk.javadoc jdk.jcmd jdk.management jdk.management.agent jdk.jconsole jdk.jdeps jdk.jdwp.agent jdk.jdi jdk.jfr jdk.jshell jdk.jsobject jdk.jstatd jdk.localedata jdk.management.jfr jdk.naming.dns jdk.naming.rmi jdk.net jdk.nio.mapmode jdk.random jdk.sctp jdk.security.auth jdk.security.jgss jdk.unsupported jdk.unsupported.desktop jdk.xml.dom" 

Environment Variables:
PATH=C:\Users\User\AppData\Local\Programs\Microsoft VS Code;C:\Program Files\Common Files\Oracle\Java\javapath;C:\Program Files (x86)\Common Files\Oracle\Java\javapath;C:\windows\system32;C:\windows;C:\windows\System32\Wbem;C:\windows\System32\WindowsPowerShell\v1.0\;C:\windows\System32\OpenSSH\;C:\MinGW\bin;C:\WINDOWS\system32;C:\WINDOWS;C:\WINDOWS\System32\Wbem;C:\WINDOWS\System32\WindowsPowerShell\v1.0\;C:\WINDOWS\System32\OpenSSH\;C:\Program Files\dotnet\;C:\Users\User\AppData\Local\Pub\Cache\bin;C:\Users\User\Downloads\flutter_windows_3.16.7-stable\flutter\bin;C:\WINDOWS\system32;C:\WINDOWS;C:\WINDOWS\System32\Wbem;C:\WINDOWS\System32\WindowsPowerShell\v1.0\;C:\WINDOWS\System32\OpenSSH\;C:\ngrok;C:\Program Files\Git\cmd;C:\mingw64\bin;C:\Program Files (x86)\NoteBook FanControl\;C:\Program Files\NVIDIA Corporation\NVIDIA App\NvDLISR;C:\Program Files (x86)\NVIDIA Corporation\PhysX\Common;C:\Program Files\nodejs\;C:\Program Files\PowerShell\7\;C:\Users\User\AppData\Local\Programs\Python\Python38\Scripts\;C:\Users\User\AppData\Local\Programs\Python\Python38\;C:\Users\User\AppData\Local\Microsoft\WindowsApps;C:\Users\User\AppData\Local\GitHubDesktop\bin;C:\Users\User\AppData\Local\Pub\Cache\bin;C:\Users\User\AppData\Local\Microsoft\WindowsApps;C:\Users\User\AppData\Roaming\Microsoft\Windows\Start Menu\Programs\Python 3.12;C:\ngrok;C:\Users\User\.fly\bin;C:\Users\User\Downloads\flutter_windows_3.29.0-stable\flutter\bin;C:\Users\User\AppData\Local\Programs\Microsoft VS Code\bin;C:\Users\User\AppData\Roaming\npm;C:\Users\User\AppData\Local\Python\bin
USERNAME=User
OS=Windows_NT
PROCESSOR_IDENTIFIER=AMD64 Family 25 Model 80 Stepping 0, AuthenticAMD
TMP=C:\Users\User\AppData\Local\Temp
TEMP=C:\Users\User\AppData\Local\Temp




Periodic native trim disabled

---------------  S Y S T E M  ---------------

OS:
 Windows 11 , 64 bit Build 26100 (10.0.26100.961)
OS uptime: 4 days 1:00 hours
Hyper-V role detected

CPU: total 12 (initial active 12) (12 cores per cpu, 2 threads per core) family 25 model 80 stepping 0 microcode 0xa500011, cx8, cmov, fxsr, ht, mmx, 3dnowpref, sse, sse2, sse3, ssse3, sse4a, sse4.1, sse4.2, popcnt, lzcnt, tsc, tscinvbit, avx, avx2, aes, erms, clmul, bmi1, bmi2, adx, sha, fma, vzeroupper, clflush, clflushopt, hv, rdtscp, rdpid, fsrm, f16c, cet_ss
Processor Information for the first 12 processors :
  Max Mhz: 3301, Current Mhz: 3301, Mhz Limit: 3301

Memory: 4k page, system-wide physical 7521M (457M free)
TotalPageFile size 24852M (AvailPageFile size 4M)
current process WorkingSet (physical memory assigned to process): 36M, peak: 90M
current process commit charge ("private bytes"): 247M, peak: 249M

vm_info: OpenJDK 64-Bit Server VM (21.0.10+7-LTS) for windows-amd64 JRE (21.0.10+7-LTS), built on 2026-01-20T00:00:00Z by "admin" with MS VC++ 17.12 (VS2022)

END.
